<?xml version="1.0" encoding="UTF-8"?>
<!-- Generated by org.testng.reporters.JUnitXMLReporter -->
<testsuite ignored="1" hostname="DESKTOP-G23FB35" failures="1" tests="8" name="carloan" time="0.078" errors="0" timestamp="2023-02-08T22:43:21 IST">
  <testcase classname="test.test1" name="done" time="0.005"/>
  <testcase classname="test.test1" name="life" time="0.001"/>
  <testcase classname="test.test1" name="para" time="0.002"/>
  <testcase classname="test.test1" name="sar" time="0.009">
    <failure type="java.lang.AssertionError" message="expected [true] but found [false]">
      <![CDATA[java.lang.AssertionError: expected [true] but found [false]
at test.test1.sar(test1.java:41)
at java.base/java.util.ArrayList.forEach(ArrayList.java:1511)
at java.base/java.util.concurrent.FutureTask.run(FutureTask.java:264)
at java.base/java.util.concurrent.ThreadPoolExecutor.runWorker(ThreadPoolExecutor.java:1136)
at java.base/java.util.concurrent.ThreadPoolExecutor$Worker.run(ThreadPoolExecutor.java:635)
at java.base/java.lang.Thread.run(Thread.java:833)
... Removed 22 stack frames]]>
    </failure>
  </testcase> <!-- sar -->
  <testcase classname="test.test2" name="fuck" time="0.004"/>
  <testcase classname="test.test4" name="mobilehomeloan" time="0.002"/>
  <testcase classname="test.test4" name="webhomeloan" time="0.001"/>
  <testcase classname="test.test2" name="Apitest" time="0.002"/>
  <testcase classname="test.test2" name="lasst" time="0.0">
    <ignored/>
  </testcase> <!-- lasst -->
</testsuite> <!-- carloan -->
